Using pre-set license

 COMMAND LINE ARGUMENTS:
/Volumes/LaCie/Unity/Hub/Editor/2020.2.0f1/Unity.app/Contents/MacOS/Unity
-adb2
-batchMode
-noUpm
-name
AssetImportWorker0
-projectPath
/Volumes/LaCie/Unity Projects/Spooky
-logFile
Logs/AssetImportWorker0.log
-srvPort
56149
Successfully changed project path to: /Volumes/LaCie/Unity Projects/Spooky
/Volumes/LaCie/Unity Projects/Spooky
Using Asset Import Pipeline V2.
Refreshing native plugins compatible for Editor in 78.90 ms, found 1 plugins.
Preloading 0 native plugins for Editor in 0.00 ms.
Initialize engine version: 2020.2.0f1 (3721df5a8b28)
[Subsystems] Discovering subsystems at path /Volumes/LaCie/Unity/Hub/Editor/2020.2.0f1/Unity.app/Contents/Resources/UnitySubsystems
[Subsystems] Discovering subsystems at path /Volumes/LaCie/Unity Projects/Spooky/Assets
GfxDevice: creating device client; threaded=0
2021-02-20 13:41:53.924 Unity[32757:6377511] S24F350 preferred device: Intel(R) Iris(TM) Graphics 6100 (low power)
2021-02-20 13:41:53.924 Unity[32757:6377511] Metal devices available: 1
2021-02-20 13:41:53.924 Unity[32757:6377511] 0: Intel(R) Iris(TM) Graphics 6100 (low power)
2021-02-20 13:41:53.928 Unity[32757:6377511] Using device Intel(R) Iris(TM) Graphics 6100 (low power)
Initializing Metal device caps: Intel(R) Iris(TM) Graphics 6100
Initialize mono
Mono path[0] = '/Volumes/LaCie/Unity/Hub/Editor/2020.2.0f1/Unity.app/Contents/Managed'
Mono path[1] = '/Volumes/LaCie/Unity/Hub/Editor/2020.2.0f1/Unity.app/Contents/MonoBleedingEdge/lib/mono/unityjit'
Mono config path = '/Volumes/LaCie/Unity/Hub/Editor/2020.2.0f1/Unity.app/Contents/MonoBleedingEdge/etc'
Using monoOptions --debugger-agent=transport=dt_socket,embedding=1,server=y,suspend=n,address=127.0.0.1:56757
Begin MonoManager ReloadAssembly
Registering precompiled unity dll's ...
Register platform support module: /Volumes/LaCie/Unity/Hub/Editor/2020.2.0f1/Unity.app/Contents/PlaybackEngines/MacStandaloneSupport/UnityEditor.OSXStandalone.Extensions.dll
Registered in 0.033393 seconds.
Native extension for OSXStandalone target not found
Refreshing native plugins compatible for Editor in 99.86 ms, found 1 plugins.
Preloading 0 native plugins for Editor in 0.00 ms.
Invoked RoslynAnalysisRunner static constructor.
RoslynAnalysisRunner will not be running.
RoslynAnalysisRunner has terminated.
Mono: successfully reloaded assembly
- Completed reload, in 13.476 seconds
Platform modules already initialized, skipping
Registering precompiled user dll's ...
Registered in 0.036548 seconds.
Begin MonoManager ReloadAssembly
